[debug] [2023-08-25T01:25:53.616Z] ----------------------------------------------------------------------
[debug] [2023-08-25T01:25:53.618Z] Command:       C:\Program Files\nodejs\node.exe C:\Users\Mark\AppData\Roaming\npm\node_modules\firebase-tools\lib\bin\firebase.js init hosting:github --debug
[debug] [2023-08-25T01:25:53.618Z] CLI Version:   12.5.2
[debug] [2023-08-25T01:25:53.618Z] Platform:      win32
[debug] [2023-08-25T01:25:53.619Z] Node Version:  v18.16.1
[debug] [2023-08-25T01:25:53.619Z] Time:          Fri Aug 25 2023 09:25:53 GMT+0800 (Singapore Standard Time)
[debug] [2023-08-25T01:25:53.619Z] ----------------------------------------------------------------------
[debug] 
[debug] [2023-08-25T01:25:53.683Z] > command requires scopes: ["email","openid","https://www.googleapis.com/auth/cloudplatformprojects.readonly","https://www.googleapis.com/auth/firebase","https://www.googleapis.com/auth/cloud-platform"]
[debug] [2023-08-25T01:25:53.685Z] > authorizing via signed-in user (lunanpseudocode@gmail.com)
[info] 
     ######## #### ########  ######## ########     ###     ######  ########
     ##        ##  ##     ## ##       ##     ##  ##   ##  ##       ##
     ######    ##  ########  ######   ########  #########  ######  ######
     ##        ##  ##    ##  ##       ##     ## ##     ##       ## ##
     ##       #### ##     ## ######## ########  ##     ##  ######  ########

You're about to initialize a Firebase project in this directory:

  D:\Personal\School_Files\lunan\lunan-main\lunan

Before we get started, keep in mind:

  * You are initializing within an existing Firebase project directory

